#
# There is insufficient memory for the Java Runtime Environment to continue.
# Native memory allocation (mmap) failed to map 134217728 bytes. Error detail: G1 virtual space
# Possible reasons:
#   The system is out of physical RAM or swap space
#   This process is running with CompressedOops enabled, and the Java Heap may be blocking the growth of the native heap
# Possible solutions:
#   Reduce memory load on the system
#   Increase physical memory or swap space
#   Check if swap backing store is full
#   Decrease Java heap size (-Xmx/-Xms)
#   Decrease number of Java threads
#   Decrease Java thread stack sizes (-Xss)
#   Set larger code cache with -XX:ReservedCodeCacheSize=
#   JVM is running with Unscaled Compressed Oops mode in which the Java heap is
#     placed in the first 4GB address space. The Java Heap base address is the
#     maximum limit for the native heap growth. Please use -XX:HeapBaseMinAddress
#     to set the Java Heap base and to place the Java Heap above 4GB virtual address.
# This output file may be truncated or incomplete.
#
#  Out of Memory Error (os_windows.cpp:3815), pid=9856, tid=5128
#
# JRE version:  (21.0.3+13) (build )
# Java VM: OpenJDK 64-Bit Server VM (21.0.3+13-b509.11, mixed mode, sharing, tiered, compressed oops, compressed class ptrs, g1 gc, windows-amd64)
# No core dump will be written. Minidumps are not enabled by default on client versions of Windows
#

---------------  S U M M A R Y ------------

Command Line: -Djava.rmi.server.hostname=127.0.0.1 -Duser.timezone=UTC -Xmx2048m -Xms128m -Djdbc.classpath=C:\Users\Asus\AppData\Local\JetBrains\IntelliJ IDEA 2024.2.1\plugins\DatabaseTools\lib\jdbc-console.jar;C:\Users\Asus\AppData\Roaming\JetBrains\IntelliJIdea2024.2\jdbc-drivers\PostgreSQL\42.6.0\org\postgresql\postgresql\42.6.0\postgresql-42.6.0.jar;C:\Users\Asus\AppData\Roaming\JetBrains\IntelliJIdea2024.2\jdbc-drivers\PostgreSQL\42.6.0\org\checkerframework\checker-qual\3.31.0\checker-qual-3.31.0.jar;C:\Users\Asus\AppData\Roaming\JetBrains\IntelliJIdea2024.2\jdbc-drivers\PostgreSQL\42.6.0\com\github\waffle\waffle-jna\1.9.1\waffle-jna-1.9.1.jar;C:\Users\Asus\AppData\Roaming\JetBrains\IntelliJIdea2024.2\jdbc-drivers\PostgreSQL\42.6.0\net\java\dev\jna\jna\4.5.1\jna-4.5.1.jar;C:\Users\Asus\AppData\Roaming\JetBrains\IntelliJIdea2024.2\jdbc-drivers\PostgreSQL\42.6.0\net\java\dev\jna\jna-platform\4.5.1\jna-platform-4.5.1.jar;C:\Users\Asus\AppData\Roaming\JetBrains\IntelliJIdea2024.2\jdbc-drivers\PostgreSQL\42.6.0\org\slf4j\jcl-over-slf4j\1.7.25\jcl-over-slf4j-1.7.25.jar;C:\Users\Asus\AppData\Roaming\JetBrains\IntelliJIdea2024.2\jdbc-drivers\PostgreSQL\42.6.0\org\slf4j\slf4j-api\1.7.25\slf4j-api-1.7.25.jar;C:\Users\Asus\AppData\Roaming\JetBrains\IntelliJIdea2024.2\jdbc-drivers\PostgreSQL\42.6.0\com\github\ben-manes\caffeine\caffeine\2.6.2\caffeine-2.6.2.jar --add-exports=java.desktop/sun.awt=ALL-UNNAMED --add-exports=java.desktop/java.awt.peer=ALL-UNNAMED --add-opens=java.desktop/java.awt=ALL-UNNAMED --add-opens=jdk.unsupported/sun.misc=ALL-UNNAMED --add-opens=java.base/java.nio=ALL-UNNAMED --add-opens=java.base/java.util=ALL-UNNAMED -Dfile.encoding=UTF-8 -Dsun.stdout.encoding=UTF-8 -Dsun.stderr.encoding=UTF-8 com.intellij.database.remote.RemoteJdbcServer org.postgresql.Driver

Host: 11th Gen Intel(R) Core(TM) i7-1165G7 @ 2.80GHz, 8 cores, 7G,  Windows 10 , 64 bit Build 19041 (10.0.19041.5072)
Time: Wed Nov 27 14:07:27 2024 Nepal Standard Time elapsed time: 0.008825 seconds (0d 0h 0m 0s)

---------------  T H R E A D  ---------------

Current thread (0x000001e28936b1d0):  JavaThread "Unknown thread" [_thread_in_vm, id=5128, stack(0x000000c93f200000,0x000000c93f300000) (1024K)]

Stack: [0x000000c93f200000,0x000000c93f300000]
Native frames: (J=compiled Java code, j=interpreted, Vv=VM code, C=native code)
V  [jvm.dll+0x6e02f9]
V  [jvm.dll+0x8bd383]
V  [jvm.dll+0x8bf8de]
V  [jvm.dll+0x8bffc3]
V  [jvm.dll+0x2879c6]
V  [jvm.dll+0x6dcac5]
V  [jvm.dll+0x6d0f9a]
V  [jvm.dll+0x35f9bb]
V  [jvm.dll+0x367566]
V  [jvm.dll+0x3b8b56]
V  [jvm.dll+0x3b8e28]
V  [jvm.dll+0x33217c]
V  [jvm.dll+0x332e6b]
V  [jvm.dll+0x8845e9]
V  [jvm.dll+0x3c5f38]
V  [jvm.dll+0x86d80d]
V  [jvm.dll+0x45ab9e]
V  [jvm.dll+0x45c771]
C  [jli.dll+0x52ab]
C  [ucrtbase.dll+0x21bb2]
C  [KERNEL32.DLL+0x17374]
C  [ntdll.dll+0x4cc91]


---------------  P R O C E S S  ---------------

Threads class SMR info:
_java_thread_list=0x00007ffd6252d108, length=0, elements={
}

Java Threads: ( => current thread )
Total: 0

Other Threads:
  0x000001e289659130 WorkerThread "GC Thread#0"                     [id=19396, stack(0x000000c93f300000,0x000000c93f400000) (1024K)]
  0x000001e28966a2c0 ConcurrentGCThread "G1 Main Marker"            [id=26548, stack(0x000000c93f400000,0x000000c93f500000) (1024K)]
  0x000001e28966adc0 WorkerThread "G1 Conc#0"                       [id=21056, stack(0x000000c93f500000,0x000000c93f600000) (1024K)]

[error occurred during error reporting (printing all threads), id 0xc0000005, EXCEPTION_ACCESS_VIOLATION (0xc0000005) at pc=0x00007ffd61c252d7]
VM state: not at safepoint (not fully initialized)

VM Mutex/Monitor currently owned by a thread:  ([mutex/lock_event])
[0x00007ffd625a1858] Heap_lock - owner thread: 0x000001e28936b1d0

Heap address: 0x0000000080000000, size: 2048 MB, Compressed Oops mode: 32-bit

CDS archive(s) mapped at: [0x0000000000000000-0x0000000000000000-0x0000000000000000), size 0, SharedBaseAddress: 0x0000000800000000, ArchiveRelocationMode: 1.
Narrow klass base: 0x0000000000000000, Narrow klass shift: 0, Narrow klass range: 0x0

GC Precious Log:
 CardTable entry size: 512
 Card Set container configuration: InlinePtr #cards 5 size 8 Array Of Cards #cards 12 size 40 Howl #buckets 4 coarsen threshold 1843 Howl Bitmap #cards 512 size 80 coarsen threshold 460 Card regions per heap region 1 cards per card region 2048

Heap:
 garbage-first heap   total 0K, used 0K [0x0000000080000000, 0x0000000100000000)
  region size 1024K, 0 young (0K), 0 survivors (0K)
 Metaspace       used 0K, committed 0K, reserved 0K
  class space    used 0K, committed 0K, reserved 0K

Heap Regions: E=young(eden), S=young(survivor), O=old, HS=humongous(starts), HC=humongous(continues), CS=collection set, F=free, TAMS=top-at-mark-start, PB=parsable bottom

Card table byte_map: [0x000001e29eb70000,0x000001e29ef70000] _byte_map_base: 0x000001e29e770000

Marking Bits: (CMBitMap*) 0x000001e289659830
 Bits: [0x000001e29ef70000, 0x000001e2a0f70000)

GC Heap History (0 events):
No events

Dll operation events (1 events):
Event: 0.005 Loaded shared library C:\Users\Asus\AppData\Local\JetBrains\IntelliJ IDEA 2024.2.1\jbr\bin\java.dll

Deoptimization events (0 events):
No events

Classes loaded (0 events):
No events

Classes unloaded (0 events):
No events

Classes redefined (0 events):
No events

Internal exceptions (0 events):
No events

ZGC Phase Switch (0 events):
No events

VM Operations (0 events):
No events

Events (0 events):
No events


Dynamic libraries:
0x00007ff6bb200000 - 0x00007ff6bb20a000 	C:\Users\Asus\AppData\Local\JetBrains\IntelliJ IDEA 2024.2.1\jbr\bin\java.exe
0x00007ffdaae50000 - 0x00007ffdab048000 	C:\Windows\SYSTEM32\ntdll.dll
0x00007ffda9010000 - 0x00007ffda90d2000 	C:\Windows\System32\KERNEL32.DLL
0x00007ffda87a0000 - 0x00007ffda8a9e000 	C:\Windows\System32\KERNELBASE.dll
0x00007ffda0dd0000 - 0x00007ffda0e64000 	C:\Windows\SYSTEM32\apphelp.dll
0x00007ffda8bc0000 - 0x00007ffda8cc0000 	C:\Windows\System32\ucrtbase.dll
0x00007ffda0c30000 - 0x00007ffda0c4b000 	C:\Users\Asus\AppData\Local\JetBrains\IntelliJ IDEA 2024.2.1\jbr\bin\VCRUNTIME140.dll
0x00007ffda1cc0000 - 0x00007ffda1cd8000 	C:\Users\Asus\AppData\Local\JetBrains\IntelliJ IDEA 2024.2.1\jbr\bin\jli.dll
0x00007ffda8e70000 - 0x00007ffda900d000 	C:\Windows\System32\USER32.dll
0x00007ffda8660000 - 0x00007ffda8682000 	C:\Windows\System32\win32u.dll
0x00007ffd90b50000 - 0x00007ffd90dea000 	C:\Windows\WinSxS\amd64_microsoft.windows.common-controls_6595b64144ccf1df_6.0.19041.4355_none_60b8b9eb71f62e16\COMCTL32.dll
0x00007ffdaaa40000 - 0x00007ffdaaa6b000 	C:\Windows\System32\GDI32.dll
0x00007ffdaa0c0000 - 0x00007ffdaa15e000 	C:\Windows\System32\msvcrt.dll
0x00007ffda8aa0000 - 0x00007ffda8bb7000 	C:\Windows\System32\gdi32full.dll
0x00007ffda8690000 - 0x00007ffda872d000 	C:\Windows\System32\msvcp_win.dll
0x00007ffdaacc0000 - 0x00007ffdaacef000 	C:\Windows\System32\IMM32.DLL
0x00007ffda1450000 - 0x00007ffda145c000 	C:\Users\Asus\AppData\Local\JetBrains\IntelliJ IDEA 2024.2.1\jbr\bin\vcruntime140_1.dll
0x00007ffd701b0000 - 0x00007ffd7023d000 	C:\Users\Asus\AppData\Local\JetBrains\IntelliJ IDEA 2024.2.1\jbr\bin\msvcp140.dll
0x00007ffd618e0000 - 0x00007ffd62692000 	C:\Users\Asus\AppData\Local\JetBrains\IntelliJ IDEA 2024.2.1\jbr\bin\server\jvm.dll
0x00007ffdaa450000 - 0x00007ffdaa501000 	C:\Windows\System32\ADVAPI32.dll
0x00007ffdaa2a0000 - 0x00007ffdaa33f000 	C:\Windows\System32\sechost.dll
0x00007ffdaa520000 - 0x00007ffdaa643000 	C:\Windows\System32\RPCRT4.dll
0x00007ffda8630000 - 0x00007ffda8657000 	C:\Windows\System32\bcrypt.dll
0x00007ffdaacf0000 - 0x00007ffdaad5b000 	C:\Windows\System32\WS2_32.dll
0x00007ffd989c0000 - 0x00007ffd989e7000 	C:\Windows\SYSTEM32\WINMM.dll
0x00007ffda7e30000 - 0x00007ffda7e7b000 	C:\Windows\SYSTEM32\POWRPROF.dll
0x00007ffd9e1b0000 - 0x00007ffd9e1ba000 	C:\Windows\SYSTEM32\VERSION.dll
0x00007ffda7e10000 - 0x00007ffda7e22000 	C:\Windows\SYSTEM32\UMPDC.dll
0x00007ffda6cd0000 - 0x00007ffda6ce2000 	C:\Windows\SYSTEM32\kernel.appcore.dll
0x00007ffda0d60000 - 0x00007ffda0d6a000 	C:\Users\Asus\AppData\Local\JetBrains\IntelliJ IDEA 2024.2.1\jbr\bin\jimage.dll
0x00007ffda6830000 - 0x00007ffda6a14000 	C:\Windows\SYSTEM32\DBGHELP.DLL
0x00007ffd8de10000 - 0x00007ffd8de44000 	C:\Windows\SYSTEM32\dbgcore.DLL
0x00007ffda85a0000 - 0x00007ffda8622000 	C:\Windows\System32\bcryptPrimitives.dll
0x00007ffd9e160000 - 0x00007ffd9e17f000 	C:\Users\Asus\AppData\Local\JetBrains\IntelliJ IDEA 2024.2.1\jbr\bin\java.dll

dbghelp: loaded successfully - version: 4.0.5 - missing functions: none
symbol engine: initialized successfully - sym options: 0x614 - pdb path: .;C:\Users\Asus\AppData\Local\JetBrains\IntelliJ IDEA 2024.2.1\jbr\bin;C:\Windows\SYSTEM32;C:\Windows\WinSxS\amd64_microsoft.windows.common-controls_6595b64144ccf1df_6.0.19041.4355_none_60b8b9eb71f62e16;C:\Users\Asus\AppData\Local\JetBrains\IntelliJ IDEA 2024.2.1\jbr\bin\server

VM Arguments:
jvm_args: -Djava.rmi.server.hostname=127.0.0.1 -Duser.timezone=UTC -Xmx2048m -Xms128m -Djdbc.classpath=C:\Users\Asus\AppData\Local\JetBrains\IntelliJ IDEA 2024.2.1\plugins\DatabaseTools\lib\jdbc-console.jar;C:\Users\Asus\AppData\Roaming\JetBrains\IntelliJIdea2024.2\jdbc-drivers\PostgreSQL\42.6.0\org\postgresql\postgresql\42.6.0\postgresql-42.6.0.jar;C:\Users\Asus\AppData\Roaming\JetBrains\IntelliJIdea2024.2\jdbc-drivers\PostgreSQL\42.6.0\org\checkerframework\checker-qual\3.31.0\checker-qual-3.31.0.jar;C:\Users\Asus\AppData\Roaming\JetBrains\IntelliJIdea2024.2\jdbc-drivers\PostgreSQL\42.6.0\com\github\waffle\waffle-jna\1.9.1\waffle-jna-1.9.1.jar;C:\Users\Asus\AppData\Roaming\JetBrains\IntelliJIdea2024.2\jdbc-drivers\PostgreSQL\42.6.0\net\java\dev\jna\jna\4.5.1\jna-4.5.1.jar;C:\Users\Asus\AppData\Roaming\JetBrains\IntelliJIdea2024.2\jdbc-drivers\PostgreSQL\42.6.0\net\java\dev\jna\jna-platform\4.5.1\jna-platform-4.5.1.jar;C:\Users\Asus\AppData\Roaming\JetBrains\IntelliJIdea2024.2\jdbc-drivers\PostgreSQL\42.6.0\org\slf4j\jcl-over-slf4j\1.7.25\jcl-over-slf4j-1.7.25.jar;C:\Users\Asus\AppData\Roaming\JetBrains\IntelliJIdea2024.2\jdbc-drivers\PostgreSQL\42.6.0\org\slf4j\slf4j-api\1.7.25\slf4j-api-1.7.25.jar;C:\Users\Asus\AppData\Roaming\JetBrains\IntelliJIdea2024.2\jdbc-drivers\PostgreSQL\42.6.0\com\github\ben-manes\caffeine\caffeine\2.6.2\caffeine-2.6.2.jar --add-exports=java.desktop/sun.awt=ALL-UNNAMED --add-exports=java.desktop/java.awt.peer=ALL-UNNAMED --add-opens=java.desktop/java.awt=ALL-UNNAMED --add-opens=jdk.unsupported/sun.misc=ALL-UNNAMED --add-opens=java.base/java.nio=ALL-UNNAMED --add-opens=java.base/java.util=ALL-UNNAMED -Dfile.encoding=UTF-8 -Dsun.stdout.encoding=UTF-8 -Dsun.stderr.encoding=UTF-8 
java_command: com.intellij.database.remote.RemoteJdbcServer org.postgresql.Driver
java_class_path (initial): C:\Users\Asus\AppData\Local\JetBrains\IntelliJ IDEA 2024.2.1\lib\util_rt.jar;C:\Users\Asus\AppData\Local\JetBrains\IntelliJ IDEA 2024.2.1\lib\util-8.jar;C:\Users\Asus\AppData\Local\JetBrains\IntelliJ IDEA 2024.2.1\lib\groovy.jar;C:\Users\Asus\AppData\Local\JetBrains\IntelliJ IDEA 2024.2.1\plugins\DatabaseTools\lib\jdbc-console.jar;C:\Users\Asus\AppData\Local\JetBrains\IntelliJ IDEA 2024.2.1\plugins\grid-core-impl\lib\jdbc-console-types.jar;C:\Users\Asus\AppData\Local\JetBrains\IntelliJ IDEA 2024.2.1\lib\util.jar;C:\Users\Asus\AppData\Local\JetBrains\IntelliJ IDEA 2024.2.1\lib\bouncy-castle.jar
Launcher Type: SUN_STANDARD

[Global flags]
     intx CICompilerCount                          = 4                                         {product} {ergonomic}
     uint ConcGCThreads                            = 2                                         {product} {ergonomic}
     uint G1ConcRefinementThreads                  = 8                                         {product} {ergonomic}
   size_t G1HeapRegionSize                         = 1048576                                   {product} {ergonomic}
    uintx GCDrainStackTargetSize                   = 64                                        {product} {ergonomic}
   size_t InitialHeapSize                          = 134217728                                 {product} {command line}
   size_t MarkStackSize                            = 4194304                                   {product} {ergonomic}
   size_t MaxHeapSize                              = 2147483648                                {product} {command line}
   size_t MinHeapDeltaBytes                        = 1048576                                   {product} {ergonomic}
   size_t MinHeapSize                              = 134217728                                 {product} {command line}
    uintx NonNMethodCodeHeapSize                   = 5839372                                {pd product} {ergonomic}
    uintx NonProfiledCodeHeapSize                  = 122909434                              {pd product} {ergonomic}
    uintx ProfiledCodeHeapSize                     = 122909434                              {pd product} {ergonomic}
    uintx ReservedCodeCacheSize                    = 251658240                              {pd product} {ergonomic}
     bool SegmentedCodeCache                       = true                                      {product} {ergonomic}
   size_t SoftMaxHeapSize                          = 2147483648                             {manageable} {ergonomic}
     bool UseCompressedOops                        = true                           {product lp64_product} {ergonomic}
     bool UseG1GC                                  = true                                      {product} {ergonomic}
     bool UseLargePagesIndividualAllocation        = false                                  {pd product} {ergonomic}

Logging:
Log output configuration:
 #0: stdout all=warning uptime,level,tags foldmultilines=false
 #1: stderr all=off uptime,level,tags foldmultilines=false

Environment Variables:
PATH=C:\Program Files\Common Files\Oracle\Java\javapath;C:\Program Files (x86)\Common Files\Oracle\Java\javapath;C:\Windows\system32;C:\Windows;C:\Windows\System32\Wbem;C:\Windows\System32\WindowsPowerShell\v1.0\;C:\Windows\System32\OpenSSH\;C:\Program Files\Java\jdk1.8.0_202\bin;C:\Program Files\Git\cmd;C:\php-8.1.23;C:\Program Files\Amazon\AWSCLIV2\;C:\Program Files\nodejs\;C:\Program Files\MySQL\MySQL Shell 8.0\bin\;C:\Users\Asus\AppData\Local\Programs\Python\Python37-32\Scripts\;C:\Users\Asus\AppData\Local\Programs\Python\Python37-32\;C:\Users\Asus\AppData\Local\Microsoft\WindowsApps;C:\Program Files\JetBrains\IntelliJ IDEA Community Edition 2021.2.3\bin;C:\Users\Asus\AppData\Local\Programs\Microsoft VS Code\bin;C:\Program Files\JetBrains\IntelliJ IDEA 2023.2.1\bin;C:\Users\Asus\AppData\Local\JetBrains\Toolbox\scripts;C:\Users\Asus\AppData\Local\GitHubDesktop\bin;E:\DOWNLOADS\PLC NOTE\IntelliJ IDEA Community Edition 2021.2.3\bin;;C:\Users\Asus\AppData\Local\JetBrains\IntelliJ IDEA 2024.2.1\bin;;C:\Users\Asus\AppData\Roaming\npm
USERNAME=Asus
OS=Windows_NT
PROCESSOR_IDENTIFIER=Intel64 Family 6 Model 140 Stepping 1, GenuineIntel
TMP=C:\Users\Asus\AppData\Local\Temp
TEMP=C:\Users\Asus\AppData\Local\Temp




Periodic native trim disabled

JNI global refs:
JNI global refs: 0, weak refs: 0

JNI global refs memory usage: 0, weak refs: 0

Process memory usage:
Resident Set Size: 11760K (0% of 8071288K total physical memory with 641668K free physical memory)

OOME stack traces (most recent first):
Classloader memory used:

---------------  S Y S T E M  ---------------

OS:
 Windows 10 , 64 bit Build 19041 (10.0.19041.5072)
OS uptime: 0 days 17:17 hours
Hyper-V role detected

CPU: total 8 (initial active 8) (4 cores per cpu, 2 threads per core) family 6 model 140 stepping 1 microcode 0x86, cx8, cmov, fxsr, ht, mmx, 3dnowpref, sse, sse2, sse3, ssse3, sse4.1, sse4.2, popcnt, lzcnt, tsc, tscinvbit, avx, avx2, aes, erms, clmul, bmi1, bmi2, adx, avx512f, avx512dq, avx512cd, avx512bw, avx512vl, sha, fma, vzeroupper, avx512_vpopcntdq, avx512_vpclmulqdq, avx512_vaes, avx512_vnni, clflush, clflushopt, clwb, avx512_vbmi2, avx512_vbmi, hv, rdtscp, rdpid, fsrm, gfni, avx512_bitalg, f16c, cet_ibt, cet_ss, avx512_ifma
Processor Information for all 8 processors :
  Max Mhz: 2803, Current Mhz: 2803, Mhz Limit: 2803

Memory: 4k page, system-wide physical 7882M (626M free)
TotalPageFile size 9930M (AvailPageFile size 121M)
current process WorkingSet (physical memory assigned to process): 11M, peak: 11M
current process commit charge ("private bytes"): 60M, peak: 188M

vm_info: OpenJDK 64-Bit Server VM (21.0.3+13-b509.11) for windows-amd64 JRE (21.0.3+13-b509.11), built on 2024-08-12 by "builduser" with MS VC++ 16.10 / 16.11 (VS2019)

END.
